<?xml version="1.0" encoding="UTF-8"?>
<testsuite xmlns:xsi="http://www.w3.org/2001/XMLSchema-instance" xsi:noNamespaceSchemaLocation="https://maven.apache.org/surefire/maven-surefire-plugin/xsd/surefire-test-report-3.0.xsd" version="3.0" name="net.icestone.estore.UserServiceTest" time="1.265" tests="7" errors="0" skipped="0" failures="0">
  <properties>
    <property name="sun.desktop" value="windows"/>
    <property name="awt.toolkit" value="sun.awt.windows.WToolkit"/>
    <property name="java.specification.version" value="11"/>
    <property name="sun.cpu.isalist" value="amd64"/>
    <property name="sun.jnu.encoding" value="Cp1252"/>
    <property name="java.class.path" value="D:\Douglas\Personal\Learning\Java\Spring\udemy\Testing Java with JUnit and Mockito\JUnit-TDD\target\test-classes;D:\Douglas\Personal\Learning\Java\Spring\udemy\Testing Java with JUnit and Mockito\JUnit-TDD\target\classes;D:\Douglas\Working\Maven\LocalWarehouse\org\junit\jupiter\junit-jupiter\5.8.2\junit-jupiter-5.8.2.jar;D:\Douglas\Working\Maven\LocalWarehouse\org\junit\jupiter\junit-jupiter-api\5.8.2\junit-jupiter-api-5.8.2.jar;D:\Douglas\Working\Maven\LocalWarehouse\org\opentest4j\opentest4j\1.2.0\opentest4j-1.2.0.jar;D:\Douglas\Working\Maven\LocalWarehouse\org\junit\platform\junit-platform-commons\1.8.2\junit-platform-commons-1.8.2.jar;D:\Douglas\Working\Maven\LocalWarehouse\org\apiguardian\apiguardian-api\1.1.2\apiguardian-api-1.1.2.jar;D:\Douglas\Working\Maven\LocalWarehouse\org\junit\jupiter\junit-jupiter-params\5.8.2\junit-jupiter-params-5.8.2.jar;D:\Douglas\Working\Maven\LocalWarehouse\org\junit\jupiter\junit-jupiter-engine\5.8.2\junit-jupiter-engine-5.8.2.jar;D:\Douglas\Working\Maven\LocalWarehouse\org\junit\platform\junit-platform-engine\1.8.2\junit-platform-engine-1.8.2.jar;D:\Douglas\Working\Maven\LocalWarehouse\org\mockito\mockito-junit-jupiter\4.6.1\mockito-junit-jupiter-4.6.1.jar;D:\Douglas\Working\Maven\LocalWarehouse\org\mockito\mockito-core\4.6.1\mockito-core-4.6.1.jar;D:\Douglas\Working\Maven\LocalWarehouse\net\bytebuddy\byte-buddy\1.12.10\byte-buddy-1.12.10.jar;D:\Douglas\Working\Maven\LocalWarehouse\net\bytebuddy\byte-buddy-agent\1.12.10\byte-buddy-agent-1.12.10.jar;D:\Douglas\Working\Maven\LocalWarehouse\org\objenesis\objenesis\3.2\objenesis-3.2.jar;"/>
    <property name="java.vm.vendor" value="Oracle Corporation"/>
    <property name="sun.arch.data.model" value="64"/>
    <property name="user.variant" value=""/>
    <property name="java.vendor.url" value="http://java.oracle.com/"/>
    <property name="user.timezone" value="Asia/Shanghai"/>
    <property name="java.vm.specification.version" value="11"/>
    <property name="os.name" value="Windows 10"/>
    <property name="sun.java.launcher" value="SUN_STANDARD"/>
    <property name="user.country" value="US"/>
    <property name="sun.boot.library.path" value="C:\Program Files\Java\jdk-11.0.1\bin"/>
    <property name="sun.java.command" value="C:\Users\FCW585\AppData\Local\Temp\surefire12827457325339441816\surefirebooter9246607939180188243.jar C:\Users\FCW585\AppData\Local\Temp\surefire12827457325339441816 2022-08-08T15-47-40_536-jvmRun1 surefire7378069174560782299tmp surefire_015305249533821597249tmp"/>
    <property name="jdk.debug" value="release"/>
    <property name="surefire.test.class.path" value="D:\Douglas\Personal\Learning\Java\Spring\udemy\Testing Java with JUnit and Mockito\JUnit-TDD\target\test-classes;D:\Douglas\Personal\Learning\Java\Spring\udemy\Testing Java with JUnit and Mockito\JUnit-TDD\target\classes;D:\Douglas\Working\Maven\LocalWarehouse\org\junit\jupiter\junit-jupiter\5.8.2\junit-jupiter-5.8.2.jar;D:\Douglas\Working\Maven\LocalWarehouse\org\junit\jupiter\junit-jupiter-api\5.8.2\junit-jupiter-api-5.8.2.jar;D:\Douglas\Working\Maven\LocalWarehouse\org\opentest4j\opentest4j\1.2.0\opentest4j-1.2.0.jar;D:\Douglas\Working\Maven\LocalWarehouse\org\junit\platform\junit-platform-commons\1.8.2\junit-platform-commons-1.8.2.jar;D:\Douglas\Working\Maven\LocalWarehouse\org\apiguardian\apiguardian-api\1.1.2\apiguardian-api-1.1.2.jar;D:\Douglas\Working\Maven\LocalWarehouse\org\junit\jupiter\junit-jupiter-params\5.8.2\junit-jupiter-params-5.8.2.jar;D:\Douglas\Working\Maven\LocalWarehouse\org\junit\jupiter\junit-jupiter-engine\5.8.2\junit-jupiter-engine-5.8.2.jar;D:\Douglas\Working\Maven\LocalWarehouse\org\junit\platform\junit-platform-engine\1.8.2\junit-platform-engine-1.8.2.jar;D:\Douglas\Working\Maven\LocalWarehouse\org\mockito\mockito-junit-jupiter\4.6.1\mockito-junit-jupiter-4.6.1.jar;D:\Douglas\Working\Maven\LocalWarehouse\org\mockito\mockito-core\4.6.1\mockito-core-4.6.1.jar;D:\Douglas\Working\Maven\LocalWarehouse\net\bytebuddy\byte-buddy\1.12.10\byte-buddy-1.12.10.jar;D:\Douglas\Working\Maven\LocalWarehouse\net\bytebuddy\byte-buddy-agent\1.12.10\byte-buddy-agent-1.12.10.jar;D:\Douglas\Working\Maven\LocalWarehouse\org\objenesis\objenesis\3.2\objenesis-3.2.jar;"/>
    <property name="sun.cpu.endian" value="little"/>
    <property name="user.home" value="C:\Users\FCW585"/>
    <property name="user.language" value="en"/>
    <property name="java.specification.vendor" value="Oracle Corporation"/>
    <property name="java.version.date" value="2018-10-16"/>
    <property name="java.home" value="C:\Program Files\Java\jdk-11.0.1"/>
    <property name="file.separator" value="\"/>
    <property name="basedir" value="D:\Douglas\Personal\Learning\Java\Spring\udemy\Testing Java with JUnit and Mockito\JUnit-TDD"/>
    <property name="java.vm.compressedOopsMode" value="Zero based"/>
    <property name="line.separator" value="&#10;"/>
    <property name="java.specification.name" value="Java Platform API Specification"/>
    <property name="java.vm.specification.vendor" value="Oracle Corporation"/>
    <property name="java.awt.graphicsenv" value="sun.awt.Win32GraphicsEnvironment"/>
    <property name="surefire.real.class.path" value="C:\Users\FCW585\AppData\Local\Temp\surefire12827457325339441816\surefirebooter9246607939180188243.jar"/>
    <property name="user.script" value=""/>
    <property name="sun.management.compiler" value="HotSpot 64-Bit Tiered Compilers"/>
    <property name="java.runtime.version" value="11.0.1+13-LTS"/>
    <property name="user.name" value="FCW585"/>
    <property name="path.separator" value=";"/>
    <property name="os.version" value="10.0"/>
    <property name="java.runtime.name" value="Java(TM) SE Runtime Environment"/>
    <property name="file.encoding" value="Cp1252"/>
    <property name="java.vm.name" value="Java HotSpot(TM) 64-Bit Server VM"/>
    <property name="java.vendor.version" value="18.9"/>
    <property name="localRepository" value="D:\Douglas\Working\Maven\LocalWarehouse"/>
    <property name="java.vendor.url.bug" value="http://bugreport.java.com/bugreport/"/>
    <property name="java.io.tmpdir" value="C:\Users\FCW585\AppData\Local\Temp\"/>
    <property name="java.version" value="11.0.1"/>
    <property name="user.dir" value="D:\Douglas\Personal\Learning\Java\Spring\udemy\Testing Java with JUnit and Mockito\JUnit-TDD"/>
    <property name="os.arch" value="amd64"/>
    <property name="java.vm.specification.name" value="Java Virtual Machine Specification"/>
    <property name="java.awt.printerjob" value="sun.awt.windows.WPrinterJob"/>
    <property name="sun.os.patch.level" value=""/>
    <property name="java.library.path" value="C:\Program Files\Java\jdk-11.0.1\bin;C:\WINDOWS\Sun\Java\bin;C:\WINDOWS\system32;C:\WINDOWS;C:\Users\FCW585\bin;C:\Program Files\Git\mingw64\bin;C:\Program Files\Git\usr\local\bin;C:\Program Files\Git\usr\bin;C:\Program Files\Git\usr\bin;C:\Program Files\Git\mingw64\bin;C:\Program Files\Git\usr\bin;C:\Users\FCW585\bin;D:\Douglas\Personal\Software\sts-4.14.1.RELEASE\plugins\org.eclipse.justj.openjdk.hotspot.jre.full.win32.x86_64_17.0.2.v20220201-1208\jre\bin\server;D:\Douglas\Personal\Software\sts-4.14.1.RELEASE\plugins\org.eclipse.justj.openjdk.hotspot.jre.full.win32.x86_64_17.0.2.v20220201-1208\jre\bin;C:\Program Files\Common Files\Oracle\Java\javapath;C:\Program Files (x86)\Common Files\Oracle\Java\javapath;C:\PROGRA~2\PVCS\vm\win32\bin;C:\PROGRA~2\PVCS\vm\common\bin\win32;C:\Program Files (x86)\Intel\iCLS Client;C:\Program Files\Intel\iCLS Client;C:\ProgramData\Oracle\Java\javapath;C:\WINDOWS\system32;C:\WINDOWS;C:\WINDOWS\System32\Wbem;C:\WINDOWS\System32\WindowsPowerShell\v1.0;C:\Program Files (x86)\Intel\Intel(R) Management Engine Components\DAL;C:\Program Files\Intel\Intel(R) Management Engine Components\DAL;C:\Program Files (x86)\Intel\Intel(R) Management Engine Components\IPT;C:\Program Files\Intel\Intel(R) Management Engine Components\IPT;C:\Oracle\Middleware\EPMSystem11R1\bin;C:\Program Files\PuTTY;D:\Douglas\Working\Maven\apache-maven-3.6.0\bin;C:\Program Files\Java\jdk-11.0.1\bin;C:\Program Files\Git\cmd;C:\Program Files\nodejs;C:\WINDOWS\System32\OpenSSH;C:\Program Files\TortoiseSVN\bin;C:\Program Files\dotnet;C:\Users\FCW585\AppData\Local\Microsoft\WindowsApps;C:\Program Files\JetBrains\IntelliJ IDEA 2018.3\bin;C:\Users\FCW585\AppData\Local\Programs\Microsoft VS Code\bin;C:\Users\FCW585\AppData\Roaming\npm;C:\Users\FCW585\.dotnet\tools;D:\Douglas\Personal\Software\sts-4.14.1.RELEASE;C:\Program Files\Git\usr\bin\vendor_perl;C:\Program Files\Git\usr\bin\core_perl;."/>
    <property name="java.vendor" value="Oracle Corporation"/>
    <property name="java.vm.info" value="mixed mode"/>
    <property name="java.vm.version" value="11.0.1+13-LTS"/>
    <property name="sun.io.unicode.encoding" value="UnicodeLittle"/>
    <property name="java.class.version" value="55.0"/>
  </properties>
  <testcase name="testCreateUser_whenFirstnameIsEmpty_throwsIllegalException" classname="net.icestone.estore.UserServiceTest" time="0.955"/>
  <testcase name="testCreateUser_whenUserCreated_schedulesEmailConfirmation" classname="net.icestone.estore.UserServiceTest" time="0.229">
    <system-out><![CDATA[isUserCreated:true
scheduleEmailConfirmation
]]></system-out>
  </testcase>
  <testcase name="TestDemo" classname="net.icestone.estore.UserServiceTest" time="0.002">
    <system-out><![CDATA[do nothing
]]></system-out>
  </testcase>
  <testcase name="testCreateUser_whenEmailNotificationExceptionThrown_thrownsUserServiceException" classname="net.icestone.estore.UserServiceTest" time="0.008">
    <system-out><![CDATA[isUserCreated:true
]]></system-out>
  </testcase>
  <testcase name="testCreateUser_whenSaveMethodThrowsException_throwsUserServicetException" classname="net.icestone.estore.UserServiceTest" time="0.004"/>
  <testcase name="testCreateUser_whenLastNameIsEmpty_throwsIllegalArgumentException" classname="net.icestone.estore.UserServiceTest" time="0.002"/>
  <testcase name="testCreateUser_whenUserDetailsProvided_returnsUsersObject" classname="net.icestone.estore.UserServiceTest" time="0.007">
    <system-out><![CDATA[isUserCreated:true
]]></system-out>
  </testcase>
</testsuite>